<?xml version="1.0" encoding="UTF-8"?>
<!-- Generated by org.testng.reporters.JUnitReportReporter -->
<testsuite hostname="DESKTOP-DSICVM2" failures="0" tests="5" name="DataDrivenExcel.TextBox" time="8.842" errors="0" timestamp="2026-02-24T16:53:27 IST" skipped="0">
  <testcase classname="DataDrivenExcel.TextBox" name="verifyPageTitle" time="0.025"/>
  <testcase classname="DataDrivenExcel.TextBox" name="fillTextBoxForm" time="3.042"/>
  <testcase classname="DataDrivenExcel.TextBox" name="fillTextBoxForm" time="2.081"/>
  <testcase classname="DataDrivenExcel.TextBox" name="fillTextBoxForm" time="1.673"/>
  <testcase classname="DataDrivenExcel.TextBox" name="dummyLogoutTest" time="2.021"/>
</testsuite> <!-- DataDrivenExcel.TextBox -->
