<?xml version="1.0" encoding="UTF-8"?>
<!-- Generated by org.testng.reporters.JUnitReportReporter -->
<testsuite hostname="DESKTOP-USJIVK3" failures="0" tests="3" name="TestNG42.FirstTestCaseTestNG" time="0.053" errors="0" timestamp="2024-08-18T13:48:12 IST" skipped="0">
  <testcase classname="TestNG42.FirstTestCaseTestNG" name="openApp" time="0.041"/>
  <system-out/>
  <testcase classname="TestNG42.FirstTestCaseTestNG" name="Login" time="0.006"/>
  <system-out/>
  <testcase classname="TestNG42.FirstTestCaseTestNG" name="Logout" time="0.006"/>
  <system-out/>
</testsuite> <!-- TestNG42.FirstTestCaseTestNG -->
