<?xml version="1.0" encoding="UTF-8"?>
<!-- Generated by org.testng.reporters.JUnitReportReporter -->
<testsuite hostname="DESKTOP-USJIVK3" failures="0" tests="3" name="day44GroupingMethods.SignupTest2" time="0.030" errors="0" timestamp="2024-08-21T21:54:55 IST" skipped="0">
  <testcase classname="day44GroupingMethods.SignupTest2" name="SignupByEmail" time="0.026"/>
  <system-out/>
  <testcase classname="day44GroupingMethods.SignupTest2" name="SignupByFacebook" time="0.002"/>
  <system-out/>
  <testcase classname="day44GroupingMethods.SignupTest2" name="SignupByTwitter" time="0.002"/>
  <system-out/>
</testsuite> <!-- day44GroupingMethods.SignupTest2 -->
