<?xml version="1.0" encoding="UTF-8"?>
<!-- Generated by org.testng.reporters.JUnitReportReporter -->
<testsuite hostname="DESKTOP-DSICVM2" failures="0" tests="4" name="day45DataProviderDemo.BaseTest" time="30.193" errors="0" timestamp="2026-02-24T13:40:06 IST" skipped="0">
  <testcase classname="day45DataProviderDemo.BaseTest" name="fillTextBoxForm" time="9.352"/>
  <testcase classname="day45DataProviderDemo.BaseTest" name="fillTextBoxForm" time="9.466"/>
  <testcase classname="day45DataProviderDemo.BaseTest" name="fillTextBoxForm" time="9.353"/>
  <testcase classname="day45DataProviderDemo.BaseTest" name="setup" time="2.022"/>
</testsuite> <!-- day45DataProviderDemo.BaseTest -->
