<?xml version="1.0" encoding="UTF-8"?>
<!-- Generated by org.testng.reporters.JUnitReportReporter -->
<testsuite hostname="DESKTOP-DSICVM2" failures="0" tests="6" name="FireFox.Swag1" time="37.224" errors="0" timestamp="2026-02-10T15:45:36 IST" skipped="0">
  <testcase classname="FireFox.Swag1" name="Login" time="2.231"/>
  <testcase classname="FireFox.Swag1" name="SwagLabs" time="4.038"/>
  <testcase classname="FireFox.Swag1" name="addProductToCart" time="8.364"/>
  <testcase classname="FireFox.Swag1" name="clickCart" time="6.200"/>
  <testcase classname="FireFox.Swag1" name="Checkout" time="10.263"/>
  <testcase classname="FireFox.Swag1" name="Finish" time="6.128"/>
</testsuite> <!-- FireFox.Swag1 -->
