<?xml version="1.0" encoding="UTF-8"?>
<!-- Generated by org.testng.reporters.JUnitReportReporter -->
<testsuite hostname="DESKTOP-USJIVK3" failures="0" tests="4" name="TestNG42.OrangeHRMTest" time="12.260" errors="0" timestamp="2025-02-20T11:23:21 IST" skipped="0">
  <testcase classname="TestNG42.OrangeHRMTest" name="openApp" time="6.836"/>
  <system-out/>
  <testcase classname="TestNG42.OrangeHRMTest" name="Logo" time="3.076"/>
  <system-out/>
  <testcase classname="TestNG42.OrangeHRMTest" name="Login" time="2.045"/>
  <system-out/>
  <testcase classname="TestNG42.OrangeHRMTest" name="closeApp" time="0.303"/>
  <system-out/>
</testsuite> <!-- TestNG42.OrangeHRMTest -->
