<?xml version="1.0" encoding="UTF-8"?>
<!-- Generated by org.testng.reporters.JUnitReportReporter -->
<testsuite hostname="DESKTOP-USJIVK3" failures="0" tests="2" name="day43AnnotationBeforeAfterClass.AnnotationDemo2" time="0.014" errors="0" timestamp="2024-08-18T23:18:51 IST" skipped="0">
  <testcase classname="day43AnnotationBeforeAfterClass.AnnotationDemo2" name="search" time="0.012"/>
  <system-out/>
  <testcase classname="day43AnnotationBeforeAfterClass.AnnotationDemo2" name="AdvSearch" time="0.002"/>
  <system-out/>
</testsuite> <!-- day43AnnotationBeforeAfterClass.AnnotationDemo2 -->
