<?xml version="1.0" encoding="UTF-8"?>
<!-- Generated by org.testng.reporters.JUnitReportReporter -->
<testsuite hostname="DESKTOP-DSICVM2" failures="0" tests="7" name="com.demo.QA.Elements" time="25.991" errors="0" timestamp="2026-03-02T13:58:25 IST" skipped="0">
  <testcase classname="com.demo.QA.Elements" name="testTextBox" time="4.542"/>
  <testcase classname="com.demo.QA.Elements" name="testTextBox" time="2.105"/>
  <testcase classname="com.demo.QA.Elements" name="testCheckBox" time="1.121"/>
  <testcase classname="com.demo.QA.Elements" name="testRadioButton" time="0.615"/>
  <testcase classname="com.demo.QA.Elements" name="testRadioButton" time="1.362"/>
  <testcase classname="com.demo.QA.Elements" name="testButtons" time="1.122"/>
  <testcase classname="com.demo.QA.Elements" name="testLinks" time="15.124"/>
</testsuite> <!-- com.demo.QA.Elements -->
