<?xml version="1.0" encoding="UTF-8"?>
<!-- Generated by org.testng.reporters.JUnitReportReporter -->
<testsuite hostname="DESKTOP-USJIVK3" failures="0" tests="2" name="day43AnnotationBeforeAfterMethod.AnnotationDemo1" time="0.033" errors="0" timestamp="2024-08-18T23:04:34 IST" skipped="0">
  <testcase classname="day43AnnotationBeforeAfterMethod.AnnotationDemo1" name="Search" time="0.024"/>
  <system-out/>
  <testcase classname="day43AnnotationBeforeAfterMethod.AnnotationDemo1" name="AdvSearch" time="0.009"/>
  <system-out/>
</testsuite> <!-- day43AnnotationBeforeAfterMethod.AnnotationDemo1 -->
