<?xml version="1.0" encoding="UTF-8"?>
<!-- Generated by org.testng.reporters.JUnitReportReporter -->
<testsuite hostname="DESKTOP-USJIVK3" failures="0" tests="4" name="day44DependencyMethods.DependencyMethod" time="0.074" errors="0" timestamp="2024-08-19T17:50:20 IST" skipped="0">
  <testcase classname="day44DependencyMethods.DependencyMethod" name="openapp" time="0.042"/>
  <system-out/>
  <testcase classname="day44DependencyMethods.DependencyMethod" name="login" time="0.006"/>
  <system-out/>
  <testcase classname="day44DependencyMethods.DependencyMethod" name="search" time="0.009"/>
  <system-out/>
  <testcase classname="day44DependencyMethods.DependencyMethod" name="logout" time="0.017"/>
  <system-out/>
</testsuite> <!-- day44DependencyMethods.DependencyMethod -->
