<?xml version="1.0" encoding="UTF-8"?>
<!-- Generated by org.testng.reporters.JUnitReportReporter -->
<testsuite hostname="DESKTOP-DSICVM2" failures="0" tests="5" name="DataDrivenExcel.es" time="8.532" errors="0" timestamp="2026-02-24T14:35:51 IST" skipped="0">
  <testcase classname="DataDrivenExcel.es" name="verifyPageTitle" time="0.024"/>
  <testcase classname="DataDrivenExcel.es" name="fillTextBoxForm" time="1.965"/>
  <testcase classname="DataDrivenExcel.es" name="fillTextBoxForm" time="2.385"/>
  <testcase classname="DataDrivenExcel.es" name="fillTextBoxForm" time="2.149"/>
  <testcase classname="DataDrivenExcel.es" name="dummyLogoutTest" time="2.009"/>
</testsuite> <!-- DataDrivenExcel.es -->
