<?xml version="1.0" encoding="UTF-8"?>
<!-- Generated by org.testng.reporters.JUnitReportReporter -->
<testsuite hostname="DESKTOP-USJIVK3" failures="0" tests="2" name="day43AnnotationBeforeAfterTest.TestC3" time="0.008" errors="0" timestamp="2024-08-19T00:44:55 IST" skipped="0">
  <testcase classname="day43AnnotationBeforeAfterTest.TestC3" name="pqr" time="0.002"/>
  <system-out/>
  <testcase classname="day43AnnotationBeforeAfterTest.TestC3" name="pqr" time="0.006"/>
  <system-out/>
</testsuite> <!-- day43AnnotationBeforeAfterTest.TestC3 -->
