<?xml version="1.0" encoding="UTF-8"?>
<!-- Generated by org.testng.reporters.JUnitReportReporter -->
<testsuite hostname="DESKTOP-USJIVK3" failures="0" tests="3" name="day42.FirstTestCaseTestNG" time="0.071" errors="0" timestamp="2024-08-17T23:59:18 IST" skipped="0">
  <testcase classname="day42.FirstTestCaseTestNG" name="openApp" time="0.049"/>
  <system-out/>
  <testcase classname="day42.FirstTestCaseTestNG" name="Login" time="0.008"/>
  <system-out/>
  <testcase classname="day42.FirstTestCaseTestNG" name="Logout" time="0.014"/>
  <system-out/>
</testsuite> <!-- day42.FirstTestCaseTestNG -->
