<?xml version="1.0" encoding="UTF-8"?>
<!-- Generated by org.testng.reporters.JUnitReportReporter -->
<testsuite hostname="DESKTOP-USJIVK3" failures="0" tests="3" name="TestNGPrograms.FirstTestCaseTestNG" time="0.087" errors="0" timestamp="2024-08-18T00:01:35 IST" skipped="0">
  <testcase classname="TestNGPrograms.FirstTestCaseTestNG" name="openApp" time="0.068"/>
  <system-out/>
  <testcase classname="TestNGPrograms.FirstTestCaseTestNG" name="Login" time="0.009"/>
  <system-out/>
  <testcase classname="TestNGPrograms.FirstTestCaseTestNG" name="Logout" time="0.010"/>
  <system-out/>
</testsuite> <!-- TestNGPrograms.FirstTestCaseTestNG -->
