<?xml version="1.0" encoding="UTF-8"?>
<!-- Generated by org.testng.reporters.JUnitReportReporter -->
<testsuite hostname="DESKTOP-USJIVK3" failures="0" tests="2" name="day43AnnotationBeforeAfterTest.TestC2" time="0.004" errors="0" timestamp="2024-08-19T00:44:55 IST" skipped="0">
  <testcase classname="day43AnnotationBeforeAfterTest.TestC2" name="abc" time="0.002"/>
  <system-out/>
  <testcase classname="day43AnnotationBeforeAfterTest.TestC2" name="abc" time="0.002"/>
  <system-out/>
</testsuite> <!-- day43AnnotationBeforeAfterTest.TestC2 -->
