<?xml version="1.0" encoding="UTF-8"?>
<!-- Generated by org.testng.reporters.JUnitReportReporter -->
<testsuite hostname="DESKTOP-DSICVM2" failures="0" tests="3" name="DataDrivenExcel.CheckBox" time="9.768" errors="0" timestamp="2026-02-24T16:53:27 IST" skipped="0">
  <testcase classname="DataDrivenExcel.CheckBox" name="selectCheckBox" time="3.267"/>
  <testcase classname="DataDrivenExcel.CheckBox" name="selectCheckBox" time="3.165"/>
  <testcase classname="DataDrivenExcel.CheckBox" name="selectCheckBox" time="3.336"/>
</testsuite> <!-- DataDrivenExcel.CheckBox -->
