<?xml version="1.0" encoding="UTF-8"?>
<!-- Generated by org.testng.reporters.JUnitReportReporter -->
<testsuite hostname="DESKTOP-DSICVM2" failures="0" tests="2" name="DataDrivenExcel.RadioButton" time="0.909" errors="0" timestamp="2026-02-24T16:53:27 IST" skipped="0">
  <testcase classname="DataDrivenExcel.RadioButton" name="selectRadioButton" time="0.416"/>
  <testcase classname="DataDrivenExcel.RadioButton" name="selectRadioButton" time="0.493"/>
</testsuite> <!-- DataDrivenExcel.RadioButton -->
