<?xml version="1.0" encoding="UTF-8"?>
<!-- Generated by org.testng.reporters.JUnitReportReporter -->
<testsuite hostname="DESKTOP-DSICVM2" failures="0" tests="3" name="day45DataProviderDemo.BaseData" time="7.086" errors="0" timestamp="2026-02-24T13:05:38 IST" skipped="0">
  <testcase classname="day45DataProviderDemo.BaseData" name="loginTest" time="2.351"/>
  <testcase classname="day45DataProviderDemo.BaseData" name="loginTest" time="2.311"/>
  <testcase classname="day45DataProviderDemo.BaseData" name="loginTest" time="2.424"/>
</testsuite> <!-- day45DataProviderDemo.BaseData -->
