<?xml version="1.0" encoding="UTF-8"?>
<!-- Generated by org.testng.reporters.JUnitReportReporter -->
<testsuite hostname="DESKTOP-USJIVK3" failures="0" tests="3" name="day44GroupingMethods.LoginTest1" time="0.023" errors="0" timestamp="2024-08-21T21:52:13 IST" skipped="0">
  <testcase classname="day44GroupingMethods.LoginTest1" name="LoginByEmail" time="0.018"/>
  <system-out/>
  <testcase classname="day44GroupingMethods.LoginTest1" name="LoginByFacebook" time="0.003"/>
  <system-out/>
  <testcase classname="day44GroupingMethods.LoginTest1" name="LoginByTwitter" time="0.002"/>
  <system-out/>
</testsuite> <!-- day44GroupingMethods.LoginTest1 -->
