<?xml version="1.0" encoding="UTF-8"?>
<!-- Generated by org.testng.reporters.JUnitReportReporter -->
<testsuite hostname="DESKTOP-USJIVK3" failures="0" tests="2" name="day43AllAnnotations.AllAnnotations" time="0.020" errors="0" timestamp="2024-08-26T17:50:19 IST" skipped="0">
  <testcase classname="day43AllAnnotations.AllAnnotations" name="Tm1" time="0.017"/>
  <system-out/>
  <testcase classname="day43AllAnnotations.AllAnnotations" name="Tm2" time="0.003"/>
  <system-out/>
</testsuite> <!-- day43AllAnnotations.AllAnnotations -->
