<?xml version="1.0" encoding="UTF-8"?>
<!-- Generated by org.testng.reporters.JUnitReportReporter -->
<testsuite hostname="DESKTOP-USJIVK3" failures="0" tests="2" name="day44GroupingMethods.PaymentTest3" time="0.023" errors="0" timestamp="2024-08-21T22:07:14 IST" skipped="0">
  <testcase classname="day44GroupingMethods.PaymentTest3" name="PaymentInRuppees" time="0.019"/>
  <system-out/>
  <testcase classname="day44GroupingMethods.PaymentTest3" name="PaymentInDollar" time="0.004"/>
  <system-out/>
</testsuite> <!-- day44GroupingMethods.PaymentTest3 -->
