<?xml version="1.0" encoding="UTF-8"?>
<!-- Generated by org.testng.reporters.JUnitXMLReporter -->
<testsuite ignored="5" hostname="DESKTOP-USJIVK3" failures="0" tests="3" name="grouping1Test" time="0.1" errors="0" timestamp="2024-08-21T21:54:55 IST">
  <testcase classname="day44GroupingMethods.SignupTest2" name="SignupByEmail" time="0.026"/>
  <testcase classname="day44GroupingMethods.SignupTest2" name="SignupByFacebook" time="0.002"/>
  <testcase classname="day44GroupingMethods.SignupTest2" name="SignupByTwitter" time="0.002"/>
  <testcase classname="day44GroupingMethods.LoginTest1" name="LoginByEmail" time="0.0">
    <ignored/>
  </testcase> <!-- LoginByEmail -->
  <testcase classname="day44GroupingMethods.PaymentTest3" name="PaymentInRuppees" time="0.0">
    <ignored/>
  </testcase> <!-- PaymentInRuppees -->
  <testcase classname="day44GroupingMethods.LoginTest1" name="LoginByFacebook" time="0.0">
    <ignored/>
  </testcase> <!-- LoginByFacebook -->
  <testcase classname="day44GroupingMethods.PaymentTest3" name="PaymentInDollar" time="0.0">
    <ignored/>
  </testcase> <!-- PaymentInDollar -->
  <testcase classname="day44GroupingMethods.LoginTest1" name="LoginByTwitter" time="0.0">
    <ignored/>
  </testcase> <!-- LoginByTwitter -->
</testsuite> <!-- grouping1Test -->
