<?xml version="1.0" encoding="UTF-8"?>
<!-- Generated by org.testng.reporters.JUnitXMLReporter -->
<testsuite ignored="0" hostname="DESKTOP-USJIVK3" failures="0" tests="10" name="Surefire test" time="16.93" errors="0" timestamp="2024-12-01T15:19:13 IST">
  <testcase classname="day45ParallelTesting.paramTest" name="@BeforeClass setup" time="-1.733046536917E9">
    <failure type="org.testng.TestNGException" message="
Parameter &amp;apos;browser&amp;apos; is required by BeforeClass on method setup but has not been marked @Optional or defined
">
      <![CDATA[org.testng.TestNGException: 
Parameter 'browser' is required by BeforeClass on method setup but has not been marked @Optional or defined

at java.base/java.util.ArrayList.forEach(ArrayList.java:1597)
... Removed 27 stack frames]]>
    </failure>
  </testcase> <!-- @BeforeClass setup -->
  <testcase classname="day45ParallelTesting.paramTest" name="@AfterClass tearDown" time="0.0">
    <skipped/>
  </testcase> <!-- @AfterClass tearDown -->
  <testcase classname="day43AnnotationBeforeAfterTest.TestC1" name="xyz" time="0.004"/>
  <testcase classname="day43AnnotationBeforeAfterTest.TestC2" name="abc" time="0.001"/>
  <testcase classname="day43AnnotationBeforeAfterTest.TestC3" name="pqr" time="0.004"/>
  <testcase classname="day45ParallelTesting.paramTest" name="testlogo" time="0.001">
    <skipped/>
  </testcase> <!-- testlogo -->
  <testcase classname="day45ParallelTesting.paramTest" name="testTittle" time="0.0">
    <skipped/>
  </testcase> <!-- testTittle -->
  <testcase classname="day45ParallelTesting.paramTest" name="testURL" time="0.001">
    <skipped/>
  </testcase> <!-- testURL -->
  <testcase classname="TestNG42.OrangeHRMTest" name="openApp" time="12.914"/>
  <testcase classname="TestNG42.OrangeHRMTest" name="Logo" time="3.077"/>
  <testcase classname="TestNG42.OrangeHRMTest" name="Login" time="0.392"/>
  <testcase classname="TestNG42.OrangeHRMTest" name="closeApp" time="0.392"/>
</testsuite> <!-- Surefire test -->
