<?xml version="1.0" encoding="UTF-8"?>
<!-- Generated by org.testng.reporters.JUnitXMLReporter -->
<testsuite ignored="0" hostname="DESKTOP-USJIVK3" failures="0" tests="3" name="chromeTest" time="17.637" errors="0" timestamp="2025-11-08T11:43:12 IST">
  <testcase classname="day45ParallelTesting.paramTest" name="testlogo" time="0.23"/>
  <testcase classname="day45ParallelTesting.paramTest" name="testTittle" time="0.09"/>
  <testcase classname="day45ParallelTesting.paramTest" name="testURL" time="0.02"/>
</testsuite> <!-- chromeTest -->
