<?xml version="1.0" encoding="UTF-8"?>
<!-- Generated by org.testng.reporters.JUnitXMLReporter -->
<testsuite ignored="0" hostname="DESKTOP-USJIVK3" failures="0" tests="3" name="Test1" time="0.073" errors="0" timestamp="2024-08-19T00:44:55 IST">
  <testcase classname="day43AnnotationBeforeAfterTest.TestC1" name="xyz" time="0.012"/>
  <testcase classname="day43AnnotationBeforeAfterTest.TestC2" name="abc" time="0.002"/>
  <testcase classname="day43AnnotationBeforeAfterTest.TestC3" name="pqr" time="0.002"/>
</testsuite> <!-- Test1 -->
