<?xml version="1.0" encoding="UTF-8"?>
<!-- Generated by org.testng.reporters.JUnitXMLReporter -->
<testsuite ignored="0" hostname="DESKTOP-DSICVM2" failures="1" tests="1" name="Demo Test" time="5.612" errors="0" timestamp="2026-03-02T10:06:25 IST">
  <testcase classname="listeners.DemoQATest" name="loginTest" time="2.246">
    <failure type="java.lang.AssertionError" message="expected [Profile] but found [demosite]">
      <![CDATA[java.lang.AssertionError: expected [Profile] but found [demosite]
at listeners.DemoQATest.loginTest(DemoQATest.java:23)
at java.base/java.util.ArrayList.forEach(ArrayList.java:1511)
... Removed 33 stack frames]]>
    </failure>
  </testcase> <!-- loginTest -->
</testsuite> <!-- Demo Test -->
