<?xml version="1.0" encoding="UTF-8"?>
<!-- Generated by org.testng.reporters.JUnitXMLReporter -->
<testsuite ignored="6" hostname="DESKTOP-USJIVK3" failures="0" tests="2" name="grouping2Test" time="0.085" errors="0" timestamp="2024-08-21T22:07:14 IST">
  <testcase classname="day44GroupingMethods.PaymentTest3" name="PaymentInRuppees" time="0.019"/>
  <testcase classname="day44GroupingMethods.PaymentTest3" name="PaymentInDollar" time="0.004"/>
  <testcase classname="day44GroupingMethods.LoginTest1" name="LoginByEmail" time="0.0">
    <ignored/>
  </testcase> <!-- LoginByEmail -->
  <testcase classname="day44GroupingMethods.SignupTest2" name="SignupByFacebook" time="0.0">
    <ignored/>
  </testcase> <!-- SignupByFacebook -->
  <testcase classname="day44GroupingMethods.SignupTest2" name="SignupByEmail" time="0.0">
    <ignored/>
  </testcase> <!-- SignupByEmail -->
  <testcase classname="day44GroupingMethods.SignupTest2" name="SignupByTwitter" time="0.0">
    <ignored/>
  </testcase> <!-- SignupByTwitter -->
  <testcase classname="day44GroupingMethods.LoginTest1" name="LoginByFacebook" time="0.0">
    <ignored/>
  </testcase> <!-- LoginByFacebook -->
  <testcase classname="day44GroupingMethods.LoginTest1" name="LoginByTwitter" time="0.0">
    <ignored/>
  </testcase> <!-- LoginByTwitter -->
</testsuite> <!-- grouping2Test -->
