<?xml version="1.0" encoding="UTF-8"?>
<!-- Generated by org.testng.reporters.JUnitReportReporter -->
<testsuite hostname="DESKTOP-USJIVK3" failures="0" tests="4" name="TestNG42.OrangeHRMTest" time="16.775" errors="0" timestamp="2024-12-01T15:19:13 IST" skipped="0">
  <testcase classname="TestNG42.OrangeHRMTest" name="openApp" time="12.914"/>
  <testcase classname="TestNG42.OrangeHRMTest" name="Logo" time="3.077"/>
  <testcase classname="TestNG42.OrangeHRMTest" name="Login" time="0.392"/>
  <testcase classname="TestNG42.OrangeHRMTest" name="closeApp" time="0.392"/>
</testsuite> <!-- TestNG42.OrangeHRMTest -->
