<?xml version="1.0" encoding="UTF-8"?>
<!-- Generated by org.testng.reporters.JUnitReportReporter -->
<testsuite hostname="DESKTOP-DSICVM2" failures="0" tests="3" name="Ninja.BaseTest" time="2.692" errors="0" timestamp="2026-02-03T17:45:24 IST" skipped="0">
  <testcase classname="Ninja.BaseTest" name="verifyHomePageTitle" time="0.013"/>
  <testcase classname="Ninja.BaseTest" name="searchProduct" time="0.537"/>
  <testcase classname="Ninja.BaseTest" name="addProductToCart" time="2.142"/>
</testsuite> <!-- Ninja.BaseTest -->
